[2023-10-04T08:11:19.699Z] [31merror[39m: Incorrect email or password
[2023-10-04T08:11:26.252Z] [31merror[39m: Incorrect email or password
[2024-01-31T14:24:33.712Z] [31merror[39m: Operation `users.findOne()` buffering timed out after 10000ms
[2024-01-31T14:24:36.490Z] [31merror[39m: Operation `users.findOne()` buffering timed out after 10000ms
[2024-01-31T14:24:56.305Z] [31merror[39m: Operation `users.findOne()` buffering timed out after 10000ms
[2024-01-31T14:25:55.120Z] [31merror[39m: Operation `users.findOne()` buffering timed out after 10000ms
[2024-01-31T14:26:02.631Z] [31merror[39m: Operation `users.findOne()` buffering timed out after 10000ms
[2024-02-03T09:20:23.875Z] [31merror[39m: Cannot read properties of undefined (reading 'statsService')
[2024-02-03T09:20:38.955Z] [31merror[39m: Cannot read properties of undefined (reading 'authService')
[2024-02-03T09:20:49.894Z] [31merror[39m: Cannot read properties of undefined (reading 'authService')
[2024-02-03T09:32:56.589Z] [31merror[39m: Cannot read properties of undefined (reading 'authService')
[2024-02-03T09:33:40.958Z] [31merror[39m: Cannot read properties of undefined (reading 'authService')
[2024-02-03T09:38:32.189Z] [31merror[39m: Cannot read properties of undefined (reading 'authService')
[2024-02-03T09:40:28.991Z] [31merror[39m: Cannot read properties of undefined (reading 'authService')
[2024-02-03T09:41:04.391Z] [31merror[39m: Cannot read properties of undefined (reading 'authService')
[2024-02-03T09:41:46.510Z] [31merror[39m: Cannot read properties of undefined (reading 'authService')
[2024-02-03T09:41:52.492Z] [31merror[39m: Cannot read properties of undefined (reading 'authService')
[2024-02-03T09:41:52.875Z] [31merror[39m: Cannot read properties of undefined (reading 'authService')
[2024-02-03T09:41:53.195Z] [31merror[39m: Cannot read properties of undefined (reading 'authService')
[2024-02-03T16:50:56.099Z] [31merror[39m: Cannot read properties of undefined (reading 'authService')
[2024-02-03T16:54:22.243Z] [31merror[39m: Cannot read properties of undefined (reading 'authService')
[2024-02-03T16:58:10.773Z] [31merror[39m: Cannot read properties of undefined (reading 'authService')
[2024-02-03T17:02:26.930Z] [31merror[39m: Cannot read properties of undefined (reading 'authService')
[2024-02-03T17:02:48.047Z] [31merror[39m: Cannot read properties of undefined (reading 'authService')
[2024-02-03T17:02:59.707Z] [31merror[39m: Cannot read properties of undefined (reading 'authService')
[2024-02-03T17:04:19.618Z] [31merror[39m: Cannot read properties of undefined (reading 'authService')
[2024-02-03T17:05:22.469Z] [31merror[39m: Cannot read properties of undefined (reading 'authService')
[2024-02-03T17:06:27.326Z] [31merror[39m: Cannot read properties of undefined (reading 'authService')
[2024-02-03T17:06:57.962Z] [31merror[39m: Cannot read properties of undefined (reading 'authService')
[2024-02-03T17:09:10.696Z] [31merror[39m: Cannot read properties of undefined (reading 'authService')
[2024-02-03T17:10:36.466Z] [31merror[39m: Cannot read properties of undefined (reading 'authService')
[2024-02-03T17:42:45.783Z] [31merror[39m: Cannot read properties of undefined (reading 'authService')
[2024-02-04T11:11:29.737Z] [31merror[39m: Incorrect email or password
[2024-02-04T11:12:26.352Z] [31merror[39m: User already exists
[2024-02-04T11:12:53.577Z] [31merror[39m: User already exists
[2024-02-04T11:14:09.476Z] [31merror[39m: User already exists
[2024-02-04T11:21:31.354Z] [31merror[39m: Incorrect email or password
[2024-02-04T11:26:49.286Z] [31merror[39m: User already exists
[2024-02-04T11:27:42.921Z] [31merror[39m: User already exists
[2024-02-04T11:30:15.704Z] [31merror[39m: User already exists
[2024-02-04T11:35:49.121Z] [31merror[39m: Incorrect email or password
[2024-02-04T11:36:20.447Z] [31merror[39m: relation "users" does not exist
[2024-02-04T11:41:31.331Z] [31merror[39m: User already exists
[2024-02-04T11:45:13.867Z] [31merror[39m: User already exists
[2024-02-04T11:45:13.911Z] [31merror[39m: relation "users" does not exist
[2024-02-04T11:45:46.176Z] [31merror[39m: relation "users" does not exist
[2024-02-04T11:45:46.197Z] [31merror[39m: relation "users" does not exist
[2024-02-04T11:50:16.408Z] [31merror[39m: relation "users" does not exist
[2024-02-04T11:50:16.427Z] [31merror[39m: relation "users" does not exist
[2024-02-04T11:50:45.237Z] [31merror[39m: relation "users" does not exist
[2024-02-04T11:58:04.482Z] [31merror[39m: User already exists
[2024-02-04T12:47:57.247Z] [31merror[39m: invalid input syntax for type integer: "NaN"
[2024-02-04T12:50:55.442Z] [31merror[39m: invalid input syntax for type integer: "NaN"
[2024-02-04T12:58:49.554Z] [31merror[39m: invalid input syntax for type integer: "NaN"
[2024-02-04T12:59:43.328Z] [31merror[39m: invalid input syntax for type integer: "NaN"
[2024-02-04T13:00:13.097Z] [31merror[39m: invalid input syntax for type integer: "NaN"
[2024-02-04T13:00:55.678Z] [31merror[39m: invalid input syntax for type integer: "NaN"
[2024-02-04T13:01:57.480Z] [31merror[39m: invalid input syntax for type integer: "NaN"
[2024-02-04T13:02:47.312Z] [31merror[39m: invalid input syntax for type integer: "NaN"
[2024-02-04T13:02:56.393Z] [31merror[39m: invalid input syntax for type integer: "NaN"
[2024-02-04T13:03:37.993Z] [31merror[39m: invalid input syntax for type integer: "NaN"
[2024-02-04T13:13:06.306Z] [31merror[39m: User doesn't own this skin
[2024-02-04T13:13:40.692Z] [31merror[39m: User doesn't own this skin
[2024-02-04T13:22:34.857Z] [31merror[39m: User already exists
[2024-02-06T13:36:49.500Z] [31merror[39m: insert or update on table "user_skins" violates foreign key constraint "user_skins_skin_id_fkey"
[2024-02-06T13:37:25.042Z] [31merror[39m: User already exists
[2024-02-06T13:37:41.695Z] [31merror[39m: User already exists
[2024-02-06T13:37:42.766Z] [31merror[39m: User already exists
[2024-02-06T13:38:02.165Z] [31merror[39m: insert or update on table "user_skins" violates foreign key constraint "user_skins_skin_id_fkey"
[2024-02-06T13:39:33.810Z] [31merror[39m: insert or update on table "user_skins" violates foreign key constraint "user_skins_skin_id_fkey"
[2024-02-06T13:42:14.389Z] [31merror[39m: insert or update on table "user_skins" violates foreign key constraint "user_skins_skin_id_fkey"
[2024-02-06T13:58:19.310Z] [31merror[39m: insert or update on table "user_skins" violates foreign key constraint "user_skins_skin_id_fkey"
[2024-02-06T14:13:03.966Z] [31merror[39m: Incorrect email or password
[2024-02-06T14:16:13.654Z] [31merror[39m: Incorrect email or password
[2024-02-06T14:16:33.112Z] [31merror[39m: Incorrect email or password
[2024-02-16T09:43:55.599Z] [31merror[39m: User not found
[2024-02-16T09:56:05.485Z] [31merror[39m: insert or update on table "user_skins" violates foreign key constraint "user_skins_skin_id_fkey"
[2024-02-16T09:56:30.361Z] [31merror[39m: User not found
[2024-02-16T09:56:33.197Z] [31merror[39m: User not found
[2024-02-16T09:56:34.357Z] [31merror[39m: User not found
[2024-02-16T09:56:37.052Z] [31merror[39m: User not found
[2024-02-16T09:57:04.096Z] [31merror[39m: User not found
[2024-02-21T20:54:34.597Z] [31merror[39m: insert or update on table "user_skins" violates foreign key constraint "user_skins_skin_id_fkey"
[2024-02-21T20:56:12.509Z] [31merror[39m: insert or update on table "user_skins" violates foreign key constraint "user_skins_skin_id_fkey"
[2024-02-21T20:56:32.474Z] [31merror[39m: insert or update on table "user_skins" violates foreign key constraint "user_skins_skin_id_fkey"
[2024-02-21T20:56:52.052Z] [31merror[39m: insert or update on table "user_skins" violates foreign key constraint "user_skins_skin_id_fkey"
[2024-02-21T20:58:42.687Z] [31merror[39m: User not found
[2024-02-21T20:58:47.039Z] [31merror[39m: User not found
[2024-02-21T20:58:51.862Z] [31merror[39m: User not found
[2024-02-21T20:58:52.950Z] [31merror[39m: User not found
[2024-02-21T20:58:53.287Z] [31merror[39m: User not found
[2024-02-21T20:58:53.501Z] [31merror[39m: User not found
[2024-02-21T20:58:53.756Z] [31merror[39m: User not found
[2024-02-21T21:01:19.952Z] [31merror[39m: User not found
[2024-02-21T21:08:29.637Z] [31merror[39m: User not found
[2024-02-21T21:08:38.996Z] [31merror[39m: User not found
